<?xml version="1.0" encoding="UTF-8"?>
<!-- Generated by org.testng.reporters.JUnitReportReporter -->
<testsuite hostname="DESKTOP-HP" failures="0" tests="7" name="com.tutorialninja.qa.testcases.LoginTest" time="54.195" errors="0" timestamp="2023-05-23T20:05:00 EDT" skipped="0">
  <testcase classname="com.tutorialninja.qa.testcases.LoginTest" name="verifyLoginWithValidCredentials" time="7.457"/>
  <system-out/>
  <testcase classname="com.tutorialninja.qa.testcases.LoginTest" name="verifyLoginWithValidCredentials" time="8.587"/>
  <system-out/>
  <testcase classname="com.tutorialninja.qa.testcases.LoginTest" name="verifyLoginWithValidCredentials" time="8.420"/>
  <system-out/>
  <testcase classname="com.tutorialninja.qa.testcases.LoginTest" name="verifyLoginWithInvalidCredentials" time="7.296"/>
  <system-out/>
  <testcase classname="com.tutorialninja.qa.testcases.LoginTest" name="verifyLoginWithInvalidEmailAndValidPassword" time="6.798"/>
  <system-out/>
  <testcase classname="com.tutorialninja.qa.testcases.LoginTest" name="verifyLoginWithValidEmailAndInvalidPassword" time="7.697"/>
  <system-out/>
  <testcase classname="com.tutorialninja.qa.testcases.LoginTest" name="verifyLoginWithoutProvidingCredentials" time="7.940"/>
  <system-out/>
</testsuite> <!-- com.tutorialninja.qa.testcases.LoginTest -->
