<?xml version="1.0" encoding="UTF-8"?>
<!-- Generated by org.testng.reporters.JUnitReportReporter -->
<testsuite hostname="DESKTOP-HP" failures="0" tests="3" name="com.tutorialninja.qa.testcases.Search" time="21.488" errors="0" timestamp="2023-05-22T19:00:23 EDT" skipped="0">
  <testcase classname="com.tutorialninja.qa.testcases.Search" name="verifySearchWithValidProduct" time="9.097"/>
  <system-out/>
  <testcase classname="com.tutorialninja.qa.testcases.Search" name="verifySearchWithInvalidProduct" time="6.099"/>
  <system-out/>
  <testcase classname="com.tutorialninja.qa.testcases.Search" name="verifySearchWithoutAnyProduct" time="6.292"/>
  <system-out/>
</testsuite> <!-- com.tutorialninja.qa.testcases.Search -->
