<?xml version="1.0" encoding="UTF-8"?>
<!-- Generated by org.testng.reporters.JUnitReportReporter -->
<testsuite hostname="DESKTOP-HP" failures="0" tests="4" name="com.tutorialninja.qa.testcases.Register" time="40.549" errors="0" timestamp="2023-05-22T18:58:17 EDT" skipped="0">
  <testcase classname="com.tutorialninja.qa.testcases.Register" name="verifyRegisteringAnAccountWithMandatoryFields" time="8.989"/>
  <system-out/>
  <testcase classname="com.tutorialninja.qa.testcases.Register" name="verifyRegisteringAccountByProvidingAllFields" time="8.655"/>
  <system-out/>
  <testcase classname="com.tutorialninja.qa.testcases.Register" name="verifyRegisteringAccountWithExistingEmailAddress" time="14.372"/>
  <system-out/>
  <testcase classname="com.tutorialninja.qa.testcases.Register" name="verifyRegisteringAccountWithoutFillingAnyDetails" time="8.533"/>
  <system-out/>
</testsuite> <!-- com.tutorialninja.qa.testcases.Register -->
