<?xml version="1.0" encoding="UTF-8"?>
<!-- Generated by org.testng.reporters.JUnitReportReporter -->
<testsuite hostname="DESKTOP-HP" failures="0" tests="7" name="com.tutorialninja.qa.testcases.Login" time="49.959" errors="0" timestamp="2023-05-22T18:57:20 EDT" skipped="0">
  <testcase classname="com.tutorialninja.qa.testcases.Login" name="verifyLoginWithValidCredentials" time="6.859"/>
  <system-out/>
  <testcase classname="com.tutorialninja.qa.testcases.Login" name="verifyLoginWithValidCredentials" time="7.393"/>
  <system-out/>
  <testcase classname="com.tutorialninja.qa.testcases.Login" name="verifyLoginWithValidCredentials" time="7.537"/>
  <system-out/>
  <testcase classname="com.tutorialninja.qa.testcases.Login" name="verifyLoginWithInvalidCredentials" time="6.704"/>
  <system-out/>
  <testcase classname="com.tutorialninja.qa.testcases.Login" name="verifyLoginWithInvalidEmailAndValidPassword" time="8.604"/>
  <system-out/>
  <testcase classname="com.tutorialninja.qa.testcases.Login" name="verifyLoginWithValidEmailAndInvalidPassword" time="6.459"/>
  <system-out/>
  <testcase classname="com.tutorialninja.qa.testcases.Login" name="verifyLoginWithoutProvidingCredentials" time="6.403"/>
  <system-out/>
</testsuite> <!-- com.tutorialninja.qa.testcases.Login -->
