<?xml version="1.0" encoding="UTF-8"?>
<!-- Generated by org.testng.reporters.JUnitReportReporter -->
<testsuite hostname="DESKTOP-HP" failures="0" tests="4" name="com.tutorialninja.qa.testcases.RegisterTest" time="38.239" errors="0" timestamp="2023-05-23T20:05:00 EDT" skipped="0">
  <testcase classname="com.tutorialninja.qa.testcases.RegisterTest" name="verifyRegisteringAnAccountWithMandatoryFields" time="10.020"/>
  <system-out/>
  <testcase classname="com.tutorialninja.qa.testcases.RegisterTest" name="verifyRegisteringAccountByProvidingAllFields" time="9.102"/>
  <system-out/>
  <testcase classname="com.tutorialninja.qa.testcases.RegisterTest" name="verifyRegisteringAccountWithExistingEmailAddress" time="11.173"/>
  <system-out/>
  <testcase classname="com.tutorialninja.qa.testcases.RegisterTest" name="verifyRegisteringAccountWithoutFillingAnyDetails" time="7.944"/>
  <system-out/>
</testsuite> <!-- com.tutorialninja.qa.testcases.RegisterTest -->
